Using pip 26.0.1 from /home/zhouyannan/miniconda3/envs/mamba/lib/python3.10/site-packages/pip (python 3.10)
Collecting mamba-ssm==2.3.0
  Using cached mamba_ssm-2.3.0.tar.gz (121 kB)
  Preparing metadata (pyproject.toml): started
  Running command Preparing metadata (pyproject.toml)
  /home/zhouyannan/miniconda3/envs/mamba/lib/python3.10/site-packages/wheel/bdist_wheel.py:4: FutureWarning: The 'wheel' package is no longer the canonical location of the 'bdist_wheel' command, and will be removed in a future release. Please update to setuptools v70.1 or later which contains an integrated version of this command.
    warn(
  /home/zhouyannan/miniconda3/envs/mamba/lib/python3.10/site-packages/setuptools/config/_apply_pyprojecttoml.py:82: SetuptoolsDeprecationWarning: `project.license` as a TOML table is deprecated
  !!

          ********************************************************************************
          Please use a simple string containing a SPDX expression for `project.license`. You can also use `project.license-files`. (Both options available on setuptools>=77.0.0).

          By 2027-Feb-18, you need to update your project and remove deprecated calls
          or your builds will no longer be supported.

          See https://packaging.python.org/en/latest/guides/writing-pyproject-toml/#license for details.
          ********************************************************************************

  !!
    corresp(dist, value, root_dir)
  /home/zhouyannan/miniconda3/envs/mamba/lib/python3.10/site-packages/setuptools/config/_apply_pyprojecttoml.py:82: SetuptoolsWarning: `install_requires` overwritten in `pyproject.toml` (dependencies)
    corresp(dist, value, root_dir)
  /home/zhouyannan/miniconda3/envs/mamba/lib/python3.10/site-packages/setuptools/config/_apply_pyprojecttoml.py:61: SetuptoolsDeprecationWarning: License classifiers are deprecated.
  !!

          ********************************************************************************
          Please consider removing the following classifiers in favor of a SPDX license expression:

          License :: OSI Approved :: Apache Software License

          See https://packaging.python.org/en/latest/guides/writing-pyproject-toml/#license for details.
          ********************************************************************************

  !!
    dist._finalize_license_expression()
  /home/zhouyannan/miniconda3/envs/mamba/lib/python3.10/site-packages/setuptools/dist.py:765: SetuptoolsDeprecationWarning: License classifiers are deprecated.
  !!

          ********************************************************************************
          Please consider removing the following classifiers in favor of a SPDX license expression:

          License :: OSI Approved :: Apache Software License

          See https://packaging.python.org/en/latest/guides/writing-pyproject-toml/#license for details.
          ********************************************************************************

  !!
    self._finalize_license_expression()


  torch.__version__  = 2.5.1


  running dist_info
  creating /tmp/pip-modern-metadata-7k053ypd/mamba_ssm.egg-info
  writing /tmp/pip-modern-metadata-7k053ypd/mamba_ssm.egg-info/PKG-INFO
  writing dependency_links to /tmp/pip-modern-metadata-7k053ypd/mamba_ssm.egg-info/dependency_links.txt
  writing requirements to /tmp/pip-modern-metadata-7k053ypd/mamba_ssm.egg-info/requires.txt
  writing top-level names to /tmp/pip-modern-metadata-7k053ypd/mamba_ssm.egg-info/top_level.txt
  writing manifest file '/tmp/pip-modern-metadata-7k053ypd/mamba_ssm.egg-info/SOURCES.txt'
  reading manifest file '/tmp/pip-modern-metadata-7k053ypd/mamba_ssm.egg-info/SOURCES.txt'
  reading manifest template 'MANIFEST.in'
  warning: manifest_maker: MANIFEST.in, line 3: unknown action 'README.md'

  adding license file 'LICENSE'
  adding license file 'AUTHORS'
  writing manifest file '/tmp/pip-modern-metadata-7k053ypd/mamba_ssm.egg-info/SOURCES.txt'
  creating '/tmp/pip-modern-metadata-7k053ypd/mamba_ssm-2.3.0.dist-info'
  Preparing metadata (pyproject.toml): finished with status 'done'
Building wheels for collected packages: mamba-ssm
  Building wheel for mamba-ssm (pyproject.toml): started
  Running command Building wheel for mamba-ssm (pyproject.toml)
  /home/zhouyannan/miniconda3/envs/mamba/lib/python3.10/site-packages/wheel/bdist_wheel.py:4: FutureWarning: The 'wheel' package is no longer the canonical location of the 'bdist_wheel' command, and will be removed in a future release. Please update to setuptools v70.1 or later which contains an integrated version of this command.
    warn(
  /home/zhouyannan/miniconda3/envs/mamba/lib/python3.10/site-packages/setuptools/config/_apply_pyprojecttoml.py:82: SetuptoolsDeprecationWarning: `project.license` as a TOML table is deprecated
  !!

          ********************************************************************************
          Please use a simple string containing a SPDX expression for `project.license`. You can also use `project.license-files`. (Both options available on setuptools>=77.0.0).

          By 2027-Feb-18, you need to update your project and remove deprecated calls
          or your builds will no longer be supported.

          See https://packaging.python.org/en/latest/guides/writing-pyproject-toml/#license for details.
          ********************************************************************************

  !!
    corresp(dist, value, root_dir)
  /home/zhouyannan/miniconda3/envs/mamba/lib/python3.10/site-packages/setuptools/config/_apply_pyprojecttoml.py:82: SetuptoolsWarning: `install_requires` overwritten in `pyproject.toml` (dependencies)
    corresp(dist, value, root_dir)
  /home/zhouyannan/miniconda3/envs/mamba/lib/python3.10/site-packages/setuptools/config/_apply_pyprojecttoml.py:61: SetuptoolsDeprecationWarning: License classifiers are deprecated.
  !!

          ********************************************************************************
          Please consider removing the following classifiers in favor of a SPDX license expression:

          License :: OSI Approved :: Apache Software License

          See https://packaging.python.org/en/latest/guides/writing-pyproject-toml/#license for details.
          ********************************************************************************

  !!
    dist._finalize_license_expression()
  /home/zhouyannan/miniconda3/envs/mamba/lib/python3.10/site-packages/setuptools/dist.py:765: SetuptoolsDeprecationWarning: License classifiers are deprecated.
  !!

          ********************************************************************************
          Please consider removing the following classifiers in favor of a SPDX license expression:

          License :: OSI Approved :: Apache Software License

          See https://packaging.python.org/en/latest/guides/writing-pyproject-toml/#license for details.
          ********************************************************************************

  !!
    self._finalize_license_expression()


  torch.__version__  = 2.5.1


  running bdist_wheel
  Guessing wheel URL:  https://github.com/state-spaces/mamba/releases/download/v2.3.0/mamba_ssm-2.3.0+cu12torch2.5cxx11abiFALSE-cp310-cp310-linux_x86_64.whl
  Raw wheel path /home/zhouyannan/.cache/pip/wheels/f4/a4/5d/c4c3dbde9d7a976e15c6c1a3296110ffd4befb4dd5e10fa20f/tmp1c0xd6n2/.tmp-l02gloec/mamba_ssm-2.3.0-cp310-cp310-linux_x86_64.whl
  Building wheel for mamba-ssm (pyproject.toml): finished with status 'done'
  Created wheel for mamba-ssm: filename=mamba_ssm-2.3.0-cp310-cp310-linux_x86_64.whl size=533212971 sha256=6e4b0002b5b6c025db1c2e8176000a99129daf8b5c0f54ef1ddd78d1dcac0797
  Stored in directory: /home/zhouyannan/.cache/pip/wheels/f4/a4/5d/c4c3dbde9d7a976e15c6c1a3296110ffd4befb4dd5e10fa20f
Successfully built mamba-ssm
Installing collected packages: mamba-ssm
Successfully installed mamba-ssm-2.3.0
